Altium Designer System: Library Component Rule Check
PCB File : Inductors&Transformers
Date     : 13.12.2024
Time     : 19:14:24


Name                Warnings
------------------------------------------------------------------
EF-25+E20                Duplicate Pad Name On Pads Pad Free-5(17.64mm,-15.1mm) on Multi-Layer And Pad Free-5(20mm,-15mm) on Multi-Layer
EF-25+E20                Duplicate Pad Name On Pads Pad Free-6(17.6mm,-11.3mm) on Multi-Layer And Pad Free-6(20mm,-10mm) on Multi-Layer
EF-25+E20                Duplicate Pad Name On Pads Pad Free-6(17.6mm,-7.5mm) on Multi-Layer And Pad Free-6(20mm,-10mm) on Multi-Layer
EF-25+E20                Duplicate Pad Name On Pads Pad Free-7(17.6mm,-3.7mm) on Multi-Layer And Pad Free-7(20mm,-5mm) on Multi-Layer
EF-25+E20                Duplicate Pad Name On Pads Pad Free-8(17.6mm,0.1mm) on Multi-Layer And Pad Free-8(20mm,0mm) on Multi-Layer
EF-25+E20                Duplicate Pad Name On Pads Pad Free-4(2.4mm,-15.1mm) on Multi-Layer And Pad Free-4(0mm,-15mm) on Multi-Layer
EF-25+E20                Duplicate Pad Name On Pads Pad Free-3(2.4mm,-11.3mm) on Multi-Layer And Pad Free-3(0mm,-10mm) on Multi-Layer
EF-25+E20                Duplicate Pad Name On Pads Pad Free-3(2.4mm,-7.5mm) on Multi-Layer And Pad Free-3(0mm,-10mm) on Multi-Layer
EF-25+E20                Duplicate Pad Name On Pads Pad Free-2(2.4mm,-3.7mm) on Multi-Layer And Pad Free-2(0mm,-5mm) on Multi-Layer
EF-25+E20                Duplicate Pad Name On Pads Pad Free-1(2.4mm,0.1mm) on Multi-Layer And Pad Free-1(0mm,0mm) on Multi-Layer

B82732F_PLA(Y)10         Duplicate Pad Name On Pads Pad Free-4(0mm,13mm) on Multi-Layer And Pad Free-4(0mm,18.75mm) on Multi-Layer
B82732F_PLA(Y)10         Duplicate Pad Name On Pads Pad Free-3(10mm,13mm) on Multi-Layer And Pad Free-3(10mm,18.75mm) on Multi-Layer

INDUCTOR_LCHB1415        Duplicate Pad Name On Pads Pad Free-2(7.5mm,0mm) on Multi-Layer And Pad Free-2(5.5mm,0mm) on Multi-Layer

CDRH104 _ASWPA8050       Duplicate Pad Name On Pads Pad Free-1(0mm,-3mm) on Top Layer And Pad Free-1(0mm,-5.1mm) on Top Layer
CDRH104 _ASWPA8050       Duplicate Pad Name On Pads Pad Free-2(0mm,3mm) on Top Layer And Pad Free-2(0mm,5.1mm) on Top Layer

